::1 - - [07/Oct/2024:18:13:06 +0000] "GET / HTTP/1.1" 304 -
::1 - - [07/Oct/2024:18:13:06 +0000] "GET /script.js HTTP/1.1" 304 -
::1 - - [07/Oct/2024:18:13:10 +0000] "POST /uploadFile HTTP/1.1" 200 213
::1 - - [07/Oct/2024:18:13:43 +0000] "GET /uploadedFiles HTTP/1.1" 200 229
::1 - - [07/Oct/2024:18:13:44 +0000] "GET /media/1728324790772-557818867-samarabiz-v2(2.8)-release.apk HTTP/1.1" 404 198
::1 - - [07/Oct/2024:18:14:12 +0000] "GET /uploadedFiles HTTP/1.1" 304 -
::1 - - [07/Oct/2024:18:14:14 +0000] "GET /media/1728324790772-557818867-samarabiz-v2(2.8)-release.apk HTTP/1.1" 404 198
::1 - - [07/Oct/2024:18:18:34 +0000] "GET /uploadedFiles HTTP/1.1" 304 -
::1 - - [07/Oct/2024:18:18:35 +0000] "GET /uploadedFiles HTTP/1.1" 304 -
::1 - - [07/Oct/2024:18:18:36 +0000] "GET /media/1728324790772-557818867-samarabiz-v2(2.8)-release.apk HTTP/1.1" 404 198
::1 - - [07/Oct/2024:18:21:28 +0000] "GET / HTTP/1.1" 304 -
::1 - - [07/Oct/2024:18:21:28 +0000] "GET /script.js HTTP/1.1" 304 -
::1 - - [07/Oct/2024:18:21:32 +0000] "POST /uploadFile HTTP/1.1" 200 213
::1 - - [07/Oct/2024:18:22:58 +0000] "POST /uploadFile HTTP/1.1" 200 213
::1 - - [07/Oct/2024:18:23:09 +0000] "GET /media/1728325378575-802331670-samarabiz-v2(2.8)-release.apk HTTP/1.1" 200 86300991
::1 - - [07/Oct/2024:18:23:26 +0000] "GET /uploadedFiles HTTP/1.1" 200 229
::1 - - [07/Oct/2024:18:23:28 +0000] "GET /media/1728325378575-802331670-samarabiz-v2(2.8)-release.apk HTTP/1.1" 200 86300991
::1 - - [07/Oct/2024:18:24:58 +0000] "GET /media/1728325378575-802331670-samarabiz-v2(2.8)-release.apk HTTP/1.1" 200 86300991
::1 - - [07/Oct/2024:18:25:03 +0000] "GET /media/1728325378575-802331670-samarabiz-v2(2.8)-release.apk HTTP/1.1" 200 86300991
::1 - - [07/Oct/2024:18:25:15 +0000] "GET /uploads HTTP/1.1" 404 146
::1 - - [07/Oct/2024:18:25:24 +0000] "GET /uploads/apk HTTP/1.1" 404 150
::1 - - [09/Oct/2024:06:47:27 +0000] "GET / HTTP/1.1" 200 2942
::1 - - [09/Oct/2024:06:47:28 +0000] "GET /script.js HTTP/1.1" 200 2472
::1 - - [09/Oct/2024:06:47:28 +0000] "GET /favicon.ico HTTP/1.1" 404 150
::1 - - [09/Oct/2024:06:47:31 +0000] "GET / HTTP/1.1" 304 -
::1 - - [09/Oct/2024:06:47:31 +0000] "GET /script.js HTTP/1.1" 304 -
::1 - - [09/Oct/2024:06:48:47 +0000] "GET / HTTP/1.1" 304 -
::1 - - [09/Oct/2024:06:48:48 +0000] "GET /script.js HTTP/1.1" 304 -
::1 - - [22/Oct/2024:19:40:05 +0000] "GET / HTTP/1.1" 200 2942
::1 - - [22/Oct/2024:19:40:05 +0000] "GET /script.js HTTP/1.1" 200 2472
::1 - - [22/Oct/2024:19:40:06 +0000] "GET /favicon.ico HTTP/1.1" 404 150
::1 - - [22/Oct/2024:19:40:07 +0000] "GET / HTTP/1.1" 304 -
::1 - - [22/Oct/2024:19:40:07 +0000] "GET /script.js HTTP/1.1" 304 -
::1 - - [22/Oct/2024:19:40:10 +0000] "POST /uploadFile HTTP/1.1" 200 213
::1 - - [22/Oct/2024:19:40:33 +0000] "POST /uploadFile HTTP/1.1" 200 213
::1 - - [22/Oct/2024:19:41:41 +0000] "GET /uploadedFiles HTTP/1.1" 200 229
::1 - - [22/Oct/2024:19:44:14 +0000] "POST /uploadFile HTTP/1.1" 200 213
::1 - - [22/Oct/2024:19:44:57 +0000] "POST /uploadFile HTTP/1.1" 200 213
::1 - - [22/Oct/2024:19:45:28 +0000] "GET /uploadedFiles HTTP/1.1" 200 229
